Using pre-set license
Built from '2020.2/release' branch; Version is '2020.2.1f1 (270dd8c3da1c) revision 2559448'; Using compiler version '192528614'; Build Type 'Release'
OS: 'Windows 10  (10.0.0) 64bit' Language: 'en' Physical Memory: 16335 MB
BatchMode: 1, IsHumanControllingUs: 0, StartBugReporterOnCrash: 0, Is64bit: 1, IsPro: 0

 COMMAND LINE ARGUMENTS:
C:\Program Files\Unity\Hub\Editor\2020.2.1f1\Editor\Unity.exe
-adb2
-batchMode
-noUpm
-name
AssetImportWorker0
-projectPath
E:/Repos/CyberpunkCity/CyberpunkCity
-logFile
Logs/AssetImportWorker0.log
-srvPort
61731
Successfully changed project path to: E:/Repos/CyberpunkCity/CyberpunkCity
E:/Repos/CyberpunkCity/CyberpunkCity
Using Asset Import Pipeline V2.
Refreshing native plugins compatible for Editor in 20.52 ms, found 0 plugins.
Preloading 0 native plugins for Editor in 0.00 ms.
Initialize engine version: 2020.2.1f1 (270dd8c3da1c)
[Subsystems] Discovering subsystems at path C:/Program Files/Unity/Hub/Editor/2020.2.1f1/Editor/Data/Resources/UnitySubsystems
[Subsystems] Discovering subsystems at path E:/Repos/CyberpunkCity/CyberpunkCity/Assets
GfxDevice: creating device client; threaded=0
Direct3D:
    Version:  Direct3D 11.0 [level 11.1]
    Renderer: Radeon (TM) RX 480 Graphics (ID=0x67df)
    Vendor:   
    VRAM:     8135 MB
    Driver:   30.0.21020.2
Initialize mono
Mono path[0] = 'C:/Program Files/Unity/Hub/Editor/2020.2.1f1/Editor/Data/Managed'
Mono path[1] = 'C:/Program Files/Unity/Hub/Editor/2020.2.1f1/Editor/Data/MonoBleedingEdge/lib/mono/unityjit'
Mono config path = 'C:/Program Files/Unity/Hub/Editor/2020.2.1f1/Editor/Data/MonoBleedingEdge/etc'
Using monoOptions --debugger-agent=transport=dt_socket,embedding=1,server=y,suspend=n,address=127.0.0.1:56676
Begin MonoManager ReloadAssembly
Registering precompiled unity dll's ...
Register platform support module: C:/Program Files/Unity/Hub/Editor/2020.2.1f1/Editor/Data/PlaybackEngines/WindowsStandaloneSupport/UnityEditor.WindowsStandalone.Extensions.dll
Registered in 0.001817 seconds.
Native extension for WindowsStandalone target not found
Refreshing native plugins compatible for Editor in 20.12 ms, found 0 plugins.
Preloading 0 native plugins for Editor in 0.00 ms.
Invoked RoslynAnalysisRunner static constructor.
RoslynAnalysisRunner will not be running.
RoslynAnalysisRunner has terminated.
Mono: successfully reloaded assembly
- Completed reload, in  0.916 seconds
Platform modules already initialized, skipping
Registering precompiled user dll's ...
Registered in 0.000382 seconds.
Begin MonoManager ReloadAssembly
Native extension for WindowsStandalone target not found
Refreshing native plugins compatible for Editor in 0.22 ms, found 0 plugins.
Preloading 0 native plugins for Editor in 0.00 ms.
Invoked RoslynAnalysisRunner static constructor.
RoslynAnalysisRunner will not be running.
RoslynAnalysisRunner has terminated.
Mono: successfully reloaded assembly
- Completed reload, in  0.658 seconds
Platform modules already initialized, skipping
========================================================================
Worker process is ready to serve import requests
Launched and connected shader compiler UnityShaderCompiler.exe after 0.04 seconds
Refreshing native plugins compatible for Editor in 0.21 ms, found 0 plugins.
Preloading 0 native plugins for Editor in 0.00 ms.
Unloading 1094 Unused Serialized files (Serialized files now loaded: 0)
System memory in use before: 55.9 MB.
System memory in use after: 55.9 MB.

Unloading 10 unused Assets to reduce memory usage. Loaded Objects now: 1533.
Total: 1.608900 ms (FindLiveObjects: 0.210300 ms CreateObjectMapping: 0.040500 ms MarkObjects: 1.306900 ms  DeleteObjects: 0.050000 ms)

========================================================================
Received Import Request.
  path: Assets/Scenes
  artifactKey: Guid(035afe458f528844781876644106fd37) Importer(815301076,1909f56bfc062723c751e8b465ee728b)
Start importing Assets/Scenes using Guid(035afe458f528844781876644106fd37) Importer(815301076,1909f56bfc062723c751e8b465ee728b)  -> (artifact id: 'd23f7efd7ca5a9ac551839b183053141') in 0.009371 seconds
  Import took 0.026576 seconds .

========================================================================
Received Import Request.
  Time since last request: 0.189444 seconds.
  path: Assets
  artifactKey: Guid(00000000000000001000000000000000) Importer(815301076,1909f56bfc062723c751e8b465ee728b)
Start importing Assets using Guid(00000000000000001000000000000000) Importer(815301076,1909f56bfc062723c751e8b465ee728b)  -> (artifact id: 'e1a2c4dac9df7c17871e19a3b74f0e9f') in 0.005752 seconds
  Import took 0.008392 seconds .

========================================================================
Received Import Request.
  Time since last request: 0.000325 seconds.
  path: Assets
  artifactKey: Guid(00000000000000001000000000000000) Importer(815301076,1909f56bfc062723c751e8b465ee728b)
Start importing Assets using Guid(00000000000000001000000000000000) Importer(815301076,1909f56bfc062723c751e8b465ee728b)  -> (artifact id: 'e1a2c4dac9df7c17871e19a3b74f0e9f') in 0.002062 seconds
  Import took 0.003638 seconds .

========================================================================
Received Import Request.
  Time since last request: 4.883271 seconds.
  path: Assets/Assets
  artifactKey: Guid(71a63e36afef8054da76d205d198eabb) Importer(815301076,1909f56bfc062723c751e8b465ee728b)
Start importing Assets/Assets using Guid(71a63e36afef8054da76d205d198eabb) Importer(815301076,1909f56bfc062723c751e8b465ee728b)  -> (artifact id: 'a62a7822b0b2f4ee1e57e639c16a72d4') in 0.001690 seconds
  Import took 0.003804 seconds .

========================================================================
Received Import Request.
  Time since last request: 5.701492 seconds.
  path: Assets/Scripts
  artifactKey: Guid(65f4f82c6b70a8445b630528fe440bc4) Importer(815301076,1909f56bfc062723c751e8b465ee728b)
Start importing Assets/Scripts using Guid(65f4f82c6b70a8445b630528fe440bc4) Importer(815301076,1909f56bfc062723c751e8b465ee728b)  -> (artifact id: '6e9964928bd96e4cc1b1398effdee83c') in 0.004911 seconds
  Import took 0.024899 seconds .

========================================================================
Received Import Request.
  Time since last request: 12.150868 seconds.
  path: Assets/Assets/Models
  artifactKey: Guid(78d555bb51afac14a9d5920051a2ef2f) Importer(815301076,1909f56bfc062723c751e8b465ee728b)
Start importing Assets/Assets/Models using Guid(78d555bb51afac14a9d5920051a2ef2f) Importer(815301076,1909f56bfc062723c751e8b465ee728b)  -> (artifact id: '5ba9b2e5dfd4c01bcd6acc1b89dd9767') in 0.005611 seconds
  Import took 0.007522 seconds .

========================================================================
Received Import Request.
  Time since last request: 3.648074 seconds.
  path: Assets/Assets/Audio
  artifactKey: Guid(6852f12dd9afc0c4fb8abb701d27e18e) Importer(815301076,1909f56bfc062723c751e8b465ee728b)
Start importing Assets/Assets/Audio using Guid(6852f12dd9afc0c4fb8abb701d27e18e) Importer(815301076,1909f56bfc062723c751e8b465ee728b)  -> (artifact id: '637700ed60128be03a8a4d36ba5aa00c') in 0.004990 seconds
  Import took 0.006922 seconds .

========================================================================
Received Import Request.
  Time since last request: 3.010960 seconds.
  path: Assets/Assets/Textures
  artifactKey: Guid(cc8c0fb191bc7c041a32136e7573a876) Importer(815301076,1909f56bfc062723c751e8b465ee728b)
Start importing Assets/Assets/Textures using Guid(cc8c0fb191bc7c041a32136e7573a876) Importer(815301076,1909f56bfc062723c751e8b465ee728b)  -> (artifact id: '9a3e80741421ba7aa399620a0d9125b0') in 0.004859 seconds
  Import took 0.020789 seconds .

========================================================================
Received Import Request.
  Time since last request: 10.197675 seconds.
  path: Assets/Scenes/SampleScene.unity
  artifactKey: Guid(9fc0d4010bbf28b4594072e72b8655ab) Importer(815301076,1909f56bfc062723c751e8b465ee728b)
Start importing Assets/Scenes/SampleScene.unity using Guid(9fc0d4010bbf28b4594072e72b8655ab) Importer(815301076,1909f56bfc062723c751e8b465ee728b)  -> (artifact id: '016640421bf54ce873cbc7b610fdb87c') in 0.011483 seconds
  Import took 0.025189 seconds .

========================================================================
Received Import Request.
  Time since last request: 8.156264 seconds.
  path: Assets/Scenes/MainScene.unity
  artifactKey: Guid(9fc0d4010bbf28b4594072e72b8655ab) Importer(815301076,1909f56bfc062723c751e8b465ee728b)
Start importing Assets/Scenes/MainScene.unity using Guid(9fc0d4010bbf28b4594072e72b8655ab) Importer(815301076,1909f56bfc062723c751e8b465ee728b)  -> (artifact id: '084c4e9b5870f2b31cc445e44e34720e') in 0.006202 seconds
  Import took 0.021356 seconds .

========================================================================
Received Import Request.
  Time since last request: 8.396357 seconds.
  path: Assets/Scenes/Dan's Testing Scnee.unity
  artifactKey: Guid(fe6d36d292dcaf04dab5e4848d1a7486) Importer(815301076,1909f56bfc062723c751e8b465ee728b)
Start importing Assets/Scenes/Dan's Testing Scnee.unity using Guid(fe6d36d292dcaf04dab5e4848d1a7486) Importer(815301076,1909f56bfc062723c751e8b465ee728b)  -> (artifact id: '4a21f3b9ee239c87b0bb921482d98484') in 0.005934 seconds
  Import took 0.008404 seconds .

========================================================================
Received Import Request.
  Time since last request: 11.787690 seconds.
  path: Assets/Scenes/Izaak's Testing Scene.unity
  artifactKey: Guid(f6bd7037b5b0ea4498123f14dd0c6df7) Importer(815301076,1909f56bfc062723c751e8b465ee728b)
Start importing Assets/Scenes/Izaak's Testing Scene.unity using Guid(f6bd7037b5b0ea4498123f14dd0c6df7) Importer(815301076,1909f56bfc062723c751e8b465ee728b)  -> (artifact id: 'fb6cf8a886cfbc90ae008ae3c186f68a') in 0.005497 seconds
  Import took 0.007372 seconds .

AssetImportWorkerClient::OnTransportError - code=2 error=End of file
